
> @microsoft/vscode-extension-logic-apps@3.2.0 build /Users/travisharris/code/LogicAppsUX/libs/vscode-extension
> tsup && tsc --emitDeclarationOnly && node ./build-finish.js

[34mCLI[39m Building entry: src/index.ts
[34mCLI[39m Using tsconfig: tsconfig.json
[34mCLI[39m tsup v8.0.2
[34mCLI[39m Using tsup config: /Users/travisharris/code/LogicAppsUX/libs/vscode-extension/tsup.config.ts
[34mCLI[39m Target: esnext
[34mCLI[39m Cleaning output folder
[34mCJS[39m Build start
[34mESM[39m Build start
[32mESM[39m [1mbuild/lib/index.js [22m[32m48.26 KB[39m
[32mESM[39m âš¡ï¸ Build success in 52ms
[32mCJS[39m [1mbuild/lib/index.cjs [22m[32m49.10 KB[39m
[32mCJS[39m âš¡ï¸ Build success in 53ms
[96m../logic-apps-shared/src/designer-client-services/lib/customcode.ts[0m:[93m1[0m:[93m56[0m - [91merror[0m[90m TS2307: [0mCannot find module '@microsoft/logic-apps-shared' or its corresponding type declarations.

[7m1[0m import { AssertionErrorCode, AssertionException } from '@microsoft/logic-apps-shared';
[7m [0m [91m                                                       ~~~~~~~~~~~~~~~~~~~~~~~~~~~~~~[0m

[96m../logic-apps-shared/src/designer-client-services/lib/standard/customcode.ts[0m:[93m4[0m:[93m24[0m - [91merror[0m[90m TS2307: [0mCannot find module '@microsoft/logic-apps-shared' or its corresponding type declarations.

[7m4[0m import { equals } from '@microsoft/logic-apps-shared';
[7m [0m [91m                       ~~~~~~~~~~~~~~~~~~~~~~~~~~~~~~[0m

[96m../logic-apps-shared/src/parsers/lib/common/exceptions/expression.ts[0m:[93m1[0m:[93m31[0m - [91merror[0m[90m TS2307: [0mCannot find module '@microsoft/utils-logic-apps' or its corresponding type declarations.

[7m1[0m import { BaseException } from '@microsoft/utils-logic-apps';
[7m [0m [91m                              ~~~~~~~~~~~~~~~~~~~~~~~~~~~~~[0m

[96m../logic-apps-shared/src/parsers/lib/common/exceptions/parser.ts[0m:[93m2[0m:[93m31[0m - [91merror[0m[90m TS2307: [0mCannot find module '@microsoft/utils-logic-apps' or its corresponding type declarations.

[7m2[0m import { BaseException } from '@microsoft/utils-logic-apps';
[7m [0m [91m                              ~~~~~~~~~~~~~~~~~~~~~~~~~~~~~[0m

[96m../logic-apps-shared/src/parsers/lib/common/exceptions/scanner.ts[0m:[93m2[0m:[93m31[0m - [91merror[0m[90m TS2307: [0mCannot find module '@microsoft/utils-logic-apps' or its corresponding type declarations.

[7m2[0m import { BaseException } from '@microsoft/utils-logic-apps';
[7m [0m [91m                              ~~~~~~~~~~~~~~~~~~~~~~~~~~~~~[0m

[96m../logic-apps-shared/src/parsers/lib/common/helpers/expression.ts[0m:[93m3[0m:[93m39[0m - [91merror[0m[90m TS2307: [0mCannot find module '@microsoft/utils-logic-apps' or its corresponding type declarations.

[7m3[0m import { equals, isNullOrEmpty } from '@microsoft/utils-logic-apps';
[7m [0m [91m                                      ~~~~~~~~~~~~~~~~~~~~~~~~~~~~~[0m

[96m../logic-apps-shared/src/parsers/lib/common/helpers/keysutility.ts[0m:[93m2[0m:[93m35[0m - [91merror[0m[90m TS2307: [0mCannot find module '@microsoft/utils-logic-apps' or its corresponding type declarations.

[7m2[0m import { isNullOrUndefined } from '@microsoft/utils-logic-apps';
[7m [0m [91m                                  ~~~~~~~~~~~~~~~~~~~~~~~~~~~~~[0m

[96m../logic-apps-shared/src/parsers/lib/common/helpers/keysutility.ts[0m:[93m54[0m:[93m10[0m - [91merror[0m[90m TS2533: [0mObject is possibly 'null' or 'undefined'.

[7m54[0m   return segments.map(encodePropertySegment).join(_separator);
[7m  [0m [91m         ~~~~~~~~[0m

[96m../logic-apps-shared/src/parsers/lib/common/helpers/keysutility.ts[0m:[93m62[0m:[93m10[0m - [91merror[0m[90m TS2533: [0mObject is possibly 'null' or 'undefined'.

[7m62[0m   return segments.map(_encodeSegment).join(_separator);
[7m  [0m [91m         ~~~~~~~~[0m

[96m../logic-apps-shared/src/parsers/lib/common/helpers/keysutility.ts[0m:[93m70[0m:[93m10[0m - [91merror[0m[90m TS2533: [0mObject is possibly 'null' or 'undefined'.

[7m70[0m   return key.split(_separator).map(_decodeSegment);
[7m  [0m [91m         ~~~[0m

[96m../logic-apps-shared/src/parsers/lib/common/helpers/keysutility.ts[0m:[93m78[0m:[93m10[0m - [91merror[0m[90m TS2533: [0mObject is possibly 'null' or 'undefined'.

[7m78[0m   return key.split(_separator);
[7m  [0m [91m         ~~~[0m

[96m../logic-apps-shared/src/parsers/lib/common/helpers/utils.ts[0m:[93m6[0m:[93m25[0m - [91merror[0m[90m TS2307: [0mCannot find module '@microsoft/intl-logic-apps' or its corresponding type declarations.

[7m6[0m import { getIntl } from '@microsoft/intl-logic-apps';
[7m [0m [91m                        ~~~~~~~~~~~~~~~~~~~~~~~~~~~~[0m

[96m../logic-apps-shared/src/parsers/lib/common/helpers/utils.ts[0m:[93m7[0m:[93m32[0m - [91merror[0m[90m TS2307: [0mCannot find module '@microsoft/utils-logic-apps' or its corresponding type declarations.

[7m7[0m import type { OpenAPIV2 } from '@microsoft/utils-logic-apps';
[7m [0m [91m                               ~~~~~~~~~~~~~~~~~~~~~~~~~~~~~[0m

[96m../logic-apps-shared/src/parsers/lib/common/helpers/utils.ts[0m:[93m8[0m:[93m66[0m - [91merror[0m[90m TS2307: [0mCannot find module '@microsoft/utils-logic-apps' or its corresponding type declarations.

[7m8[0m import { capitalizeFirstLetter, equals, isNullOrUndefined } from '@microsoft/utils-logic-apps';
[7m [0m [91m                                                                 ~~~~~~~~~~~~~~~~~~~~~~~~~~~~~[0m

[96m../logic-apps-shared/src/parsers/lib/common/helpers/utils.ts[0m:[93m56[0m:[93m36[0m - [91merror[0m[90m TS7006: [0mParameter 'item' implicitly has an 'any' type.

[7m56[0m         return parameter.enum.map((item) => ({
[7m  [0m [91m                                   ~~~~[0m

[96m../logic-apps-shared/src/parsers/lib/common/outputprocessor.ts[0m:[93m7[0m:[93m32[0m - [91merror[0m[90m TS2307: [0mCannot find module '@microsoft/utils-logic-apps' or its corresponding type declarations.

[7m7[0m import type { OpenAPIV2 } from '@microsoft/utils-logic-apps';
[7m [0m [91m                               ~~~~~~~~~~~~~~~~~~~~~~~~~~~~~[0m

[96m../logic-apps-shared/src/parsers/lib/common/outputprocessor.ts[0m:[93m8[0m:[93m36[0m - [91merror[0m[90m TS2307: [0mCannot find module '@microsoft/utils-logic-apps' or its corresponding type declarations.

[7m8[0m import { equals, startsWith } from '@microsoft/utils-logic-apps';
[7m [0m [91m                                   ~~~~~~~~~~~~~~~~~~~~~~~~~~~~~[0m

[96m../logic-apps-shared/src/parsers/lib/common/schemaprocessor.ts[0m:[93m14[0m:[93m25[0m - [91merror[0m[90m TS2307: [0mCannot find module '@microsoft/intl-logic-apps' or its corresponding type declarations.

[7m14[0m import { getIntl } from '@microsoft/intl-logic-apps';
[7m  [0m [91m                        ~~~~~~~~~~~~~~~~~~~~~~~~~~~~[0m

[96m../logic-apps-shared/src/parsers/lib/common/schemaprocessor.ts[0m:[93m15[0m:[93m32[0m - [91merror[0m[90m TS2307: [0mCannot find module '@microsoft/utils-logic-apps' or its corresponding type declarations.

[7m15[0m import type { OpenAPIV2 } from '@microsoft/utils-logic-apps';
[7m  [0m [91m                               ~~~~~~~~~~~~~~~~~~~~~~~~~~~~~[0m

[96m../logic-apps-shared/src/parsers/lib/common/schemaprocessor.ts[0m:[93m16[0m:[93m74[0m - [91merror[0m[90m TS2307: [0mCannot find module '@microsoft/utils-logic-apps' or its corresponding type declarations.

[7m16[0m import { aggregate, clone, equals, hasProperty, isNullOrUndefined } from '@microsoft/utils-logic-apps';
[7m  [0m [91m                                                                         ~~~~~~~~~~~~~~~~~~~~~~~~~~~~~[0m

[96m../logic-apps-shared/src/parsers/lib/expression/builder.ts[0m:[93m4[0m:[93m25[0m - [91merror[0m[90m TS2307: [0mCannot find module '@microsoft/intl-logic-apps' or its corresponding type declarations.

[7m4[0m import { getIntl } from '@microsoft/intl-logic-apps';
[7m [0m [91m                        ~~~~~~~~~~~~~~~~~~~~~~~~~~~~[0m

[96m../logic-apps-shared/src/parsers/lib/expression/builder.ts[0m:[93m5[0m:[93m31[0m - [91merror[0m[90m TS2307: [0mCannot find module '@microsoft/utils-logic-apps' or its corresponding type declarations.

[7m5[0m import { BaseException } from '@microsoft/utils-logic-apps';
[7m [0m [91m                              ~~~~~~~~~~~~~~~~~~~~~~~~~~~~~[0m

[96m../logic-apps-shared/src/parsers/lib/expression/evaluator.ts[0m:[93m5[0m:[93m25[0m - [91merror[0m[90m TS2307: [0mCannot find module '@microsoft/intl-logic-apps' or its corresponding type declarations.

[7m5[0m import { getIntl } from '@microsoft/intl-logic-apps';
[7m [0m [91m                        ~~~~~~~~~~~~~~~~~~~~~~~~~~~~[0m

[96m../logic-apps-shared/src/parsers/lib/expression/evaluator.ts[0m:[93m6[0m:[93m31[0m - [91merror[0m[90m TS2307: [0mCannot find module '@microsoft/utils-logic-apps' or its corresponding type declarations.

[7m6[0m import { BaseException } from '@microsoft/utils-logic-apps';
[7m [0m [91m                              ~~~~~~~~~~~~~~~~~~~~~~~~~~~~~[0m

[96m../logic-apps-shared/src/parsers/lib/expression/parser.ts[0m:[93m14[0m:[93m24[0m - [91merror[0m[90m TS2307: [0mCannot find module '@microsoft/utils-logic-apps' or its corresponding type declarations.

[7m14[0m import { equals } from '@microsoft/utils-logic-apps';
[7m  [0m [91m                       ~~~~~~~~~~~~~~~~~~~~~~~~~~~~~[0m

[96m../logic-apps-shared/src/parsers/lib/expression/scanner.ts[0m:[93m8[0m:[93m24[0m - [91merror[0m[90m TS2307: [0mCannot find module '@microsoft/utils-logic-apps' or its corresponding type declarations.

[7m8[0m import { equals } from '@microsoft/utils-logic-apps';
[7m [0m [91m                       ~~~~~~~~~~~~~~~~~~~~~~~~~~~~~[0m

[96m../logic-apps-shared/src/parsers/lib/manifest/__test__/data/manifests.ts[0m:[93m1[0m:[93m40[0m - [91merror[0m[90m TS2307: [0mCannot find module '@microsoft/utils-logic-apps' or its corresponding type declarations.

[7m1[0m import type { OperationManifest } from '@microsoft/utils-logic-apps';
[7m [0m [91m                                       ~~~~~~~~~~~~~~~~~~~~~~~~~~~~~[0m

[96m../logic-apps-shared/src/parsers/lib/manifest/__test__/data/manifests.ts[0m:[93m2[0m:[93m46[0m - [91merror[0m[90m TS2307: [0mCannot find module '@microsoft/utils-logic-apps' or its corresponding type declarations.

[7m2[0m import { ConnectionReferenceKeyFormat } from '@microsoft/utils-logic-apps';
[7m [0m [91m                                             ~~~~~~~~~~~~~~~~~~~~~~~~~~~~~[0m

[96m../logic-apps-shared/src/parsers/lib/manifest/parser.ts[0m:[93m7[0m:[93m51[0m - [91merror[0m[90m TS2307: [0mCannot find module '@microsoft/utils-logic-apps' or its corresponding type declarations.

[7m7[0m import type { OpenAPIV2, OperationManifest } from '@microsoft/utils-logic-apps';
[7m [0m [91m                                                  ~~~~~~~~~~~~~~~~~~~~~~~~~~~~~[0m

[96m../logic-apps-shared/src/parsers/lib/manifest/parser.ts[0m:[93m8[0m:[93m45[0m - [91merror[0m[90m TS2307: [0mCannot find module '@microsoft/utils-logic-apps' or its corresponding type declarations.

[7m8[0m import { getObjectPropertyValue, map } from '@microsoft/utils-logic-apps';
[7m [0m [91m                                            ~~~~~~~~~~~~~~~~~~~~~~~~~~~~~[0m

[96m../logic-apps-shared/src/parsers/lib/models/operation.ts[0m:[93m1[0m:[93m76[0m - [91merror[0m[90m TS2307: [0mCannot find module '@microsoft/utils-logic-apps' or its corresponding type declarations.

[7m1[0m import type { DownloadChunkMetadata, OpenAPIV2, UploadChunkMetadata } from '@microsoft/utils-logic-apps';
[7m [0m [91m                                                                           ~~~~~~~~~~~~~~~~~~~~~~~~~~~~~[0m

[96m../logic-apps-shared/src/parsers/lib/models/operation.ts[0m:[93m2[0m:[93m24[0m - [91merror[0m[90m TS2307: [0mCannot find module '@microsoft/utils-logic-apps' or its corresponding type declarations.

[7m2[0m import { equals } from '@microsoft/utils-logic-apps';
[7m [0m [91m                       ~~~~~~~~~~~~~~~~~~~~~~~~~~~~~[0m

[96m../logic-apps-shared/src/parsers/lib/models/parameters.ts[0m:[93m1[0m:[93m35[0m - [91merror[0m[90m TS2307: [0mCannot find module '@microsoft/utils-logic-apps' or its corresponding type declarations.

[7m1[0m import { isNullOrUndefined } from '@microsoft/utils-logic-apps';
[7m [0m [91m                                  ~~~~~~~~~~~~~~~~~~~~~~~~~~~~~[0m

[96m../logic-apps-shared/src/parsers/lib/resolution-service/resolution-service.ts[0m:[93m19[0m:[93m49[0m - [91merror[0m[90m TS2307: [0mCannot find module '@microsoft/utils-logic-apps' or its corresponding type declarations.

[7m19[0m import { copy, equals, isNullOrUndefined } from '@microsoft/utils-logic-apps';
[7m  [0m [91m                                                ~~~~~~~~~~~~~~~~~~~~~~~~~~~~~[0m

[96m../logic-apps-shared/src/parsers/lib/swagger/parameterprocessor.ts[0m:[93m15[0m:[93m25[0m - [91merror[0m[90m TS2307: [0mCannot find module '@microsoft/intl-logic-apps' or its corresponding type declarations.

[7m15[0m import { getIntl } from '@microsoft/intl-logic-apps';
[7m  [0m [91m                        ~~~~~~~~~~~~~~~~~~~~~~~~~~~~[0m

[96m../logic-apps-shared/src/parsers/lib/swagger/parameterprocessor.ts[0m:[93m16[0m:[93m32[0m - [91merror[0m[90m TS2307: [0mCannot find module '@microsoft/utils-logic-apps' or its corresponding type declarations.

[7m16[0m import type { OpenAPIV2 } from '@microsoft/utils-logic-apps';
[7m  [0m [91m                               ~~~~~~~~~~~~~~~~~~~~~~~~~~~~~[0m

[96m../logic-apps-shared/src/parsers/lib/swagger/parameterprocessor.ts[0m:[93m17[0m:[93m50[0m - [91merror[0m[90m TS2307: [0mCannot find module '@microsoft/utils-logic-apps' or its corresponding type declarations.

[7m17[0m import { aggregate, equals, includes, map } from '@microsoft/utils-logic-apps';
[7m  [0m [91m                                                 ~~~~~~~~~~~~~~~~~~~~~~~~~~~~~[0m

[96m../logic-apps-shared/src/parsers/lib/swagger/parameterprocessor.ts[0m:[93m80[0m:[93m18[0m - [91merror[0m[90m TS7006: [0mParameter 'parameter' implicitly has an 'any' type.

[7m80[0m         .filter((parameter) => !this.isReservedParameter(parameter))
[7m  [0m [91m                 ~~~~~~~~~[0m

[96m../logic-apps-shared/src/parsers/lib/swagger/parameterprocessor.ts[0m:[93m81[0m:[93m18[0m - [91merror[0m[90m TS7006: [0mParameter 'parameter' implicitly has an 'any' type.

[7m81[0m         .filter((parameter) => !(this.options.excludeInternal && equals(parameter.visibility, Constants.Visibility.Internal)))
[7m  [0m [91m                 ~~~~~~~~~[0m

[96m../logic-apps-shared/src/parsers/lib/swagger/parameterprocessor.ts[0m:[93m82[0m:[93m18[0m - [91merror[0m[90m TS7006: [0mParameter 'parameter' implicitly has an 'any' type.

[7m82[0m         .filter((parameter) => !(this.options.excludeAdvanced && equals(parameter.visibility, Constants.Visibility.Advanced)));
[7m  [0m [91m                 ~~~~~~~~~[0m

[96m../logic-apps-shared/src/parsers/lib/swagger/parameterprocessor.ts[0m:[93m103[0m:[93m29[0m - [91merror[0m[90m TS7006: [0mParameter 'parameter' implicitly has an 'any' type.

[7m103[0m     return parameters.some((parameter) => equals(parameter.visibility, Constants.Visibility.Advanced));
[7m   [0m [91m                            ~~~~~~~~~[0m

[96m../logic-apps-shared/src/parsers/lib/swagger/parser.ts[0m:[93m18[0m:[93m76[0m - [91merror[0m[90m TS2307: [0mCannot find module '@microsoft/utils-logic-apps' or its corresponding type declarations.

[7m18[0m import type { DownloadChunkMetadata, OpenAPIV2, UploadChunkMetadata } from '@microsoft/utils-logic-apps';
[7m  [0m [91m                                                                           ~~~~~~~~~~~~~~~~~~~~~~~~~~~~~[0m

[96m../logic-apps-shared/src/parsers/lib/swagger/parser.ts[0m:[93m19[0m:[93m65[0m - [91merror[0m[90m TS2307: [0mCannot find module '@microsoft/utils-logic-apps' or its corresponding type declarations.

[7m19[0m import { aggregate, equals, getPropertyValue, map, unmap } from '@microsoft/utils-logic-apps';
[7m  [0m [91m                                                                ~~~~~~~~~~~~~~~~~~~~~~~~~~~~~[0m

[96m../logic-apps-shared/src/parsers/lib/swagger/parser.ts[0m:[93m124[0m:[93m14[0m - [91merror[0m[90m TS7006: [0mParameter 'parameter' implicitly has an 'any' type.

[7m124[0m             (parameter) =>
[7m   [0m [91m             ~~~~~~~~~[0m

[96m../logic-apps-shared/src/parsers/lib/swagger/parser.ts[0m:[93m128[0m:[93m14[0m - [91merror[0m[90m TS7006: [0mParameter 'parameter' implicitly has an 'any' type.

[7m128[0m             (parameter) =>
[7m   [0m [91m             ~~~~~~~~~[0m

[96m../logic-apps-shared/src/parsers/lib/swagger/parser.ts[0m:[93m337[0m:[93m47[0m - [91merror[0m[90m TS7006: [0mParameter 'pathItem' implicitly has an 'any' type.

[7m337[0m     const pathItemOperations = pathItems.map((pathItem) => includePathItemParameters(pathItem));
[7m   [0m [91m                                              ~~~~~~~~[0m

[96m../logic-apps-shared/src/parsers/lib/swagger/parser.ts[0m:[93m340[0m:[93m46[0m - [91merror[0m[90m TS7006: [0mParameter 'operation' implicitly has an 'any' type.

[7m340[0m     const mappedOperations = operations.map((operation) => {
[7m   [0m [91m                                             ~~~~~~~~~[0m

[96m../logic-apps-shared/src/parsers/lib/swagger/parser.ts[0m:[93m350[0m:[93m10[0m - [91merror[0m[90m TS7006: [0mParameter 'operation' implicitly has an 'any' type.

[7m350[0m         (operation) =>
[7m   [0m [91m         ~~~~~~~~~[0m

[96m../logic-apps-shared/src/parsers/lib/swagger/parser.ts[0m:[93m354[0m:[93m10[0m - [91merror[0m[90m TS7006: [0mParameter 'operation' implicitly has an 'any' type.

[7m354[0m         (operation) =>
[7m   [0m [91m         ~~~~~~~~~[0m


Found 49 errors in 21 files.

Errors  Files
     1  ../logic-apps-shared/src/designer-client-services/lib/customcode.ts[90m:1[0m
     1  ../logic-apps-shared/src/designer-client-services/lib/standard/customcode.ts[90m:4[0m
     1  ../logic-apps-shared/src/parsers/lib/common/exceptions/expression.ts[90m:1[0m
     1  ../logic-apps-shared/src/parsers/lib/common/exceptions/parser.ts[90m:2[0m
     1  ../logic-apps-shared/src/parsers/lib/common/exceptions/scanner.ts[90m:2[0m
     1  ../logic-apps-shared/src/parsers/lib/common/helpers/expression.ts[90m:3[0m
     5  ../logic-apps-shared/src/parsers/lib/common/helpers/keysutility.ts[90m:2[0m
     4  ../logic-apps-shared/src/parsers/lib/common/helpers/utils.ts[90m:6[0m
     2  ../logic-apps-shared/src/parsers/lib/common/outputprocessor.ts[90m:7[0m
     3  ../logic-apps-shared/src/parsers/lib/common/schemaprocessor.ts[90m:14[0m
     2  ../logic-apps-shared/src/parsers/lib/expression/builder.ts[90m:4[0m
     2  ../logic-apps-shared/src/parsers/lib/expression/evaluator.ts[90m:5[0m
     1  ../logic-apps-shared/src/parsers/lib/expression/parser.ts[90m:14[0m
     1  ../logic-apps-shared/src/parsers/lib/expression/scanner.ts[90m:8[0m
     2  ../logic-apps-shared/src/parsers/lib/manifest/__test__/data/manifests.ts[90m:1[0m
     2  ../logic-apps-shared/src/parsers/lib/manifest/parser.ts[90m:7[0m
     2  ../logic-apps-shared/src/parsers/lib/models/operation.ts[90m:1[0m
     1  ../logic-apps-shared/src/parsers/lib/models/parameters.ts[90m:1[0m
     1  ../logic-apps-shared/src/parsers/lib/resolution-service/resolution-service.ts[90m:19[0m
     7  ../logic-apps-shared/src/parsers/lib/swagger/parameterprocessor.ts[90m:15[0m
     8  ../logic-apps-shared/src/parsers/lib/swagger/parser.ts[90m:18[0m
[41m[30mâ€‰ELIFECYCLEâ€‰[39m[49m [31mCommand failed with exit code 2.[39m
